  rayt.cpp
C:\Users\kamee\Desktop\workspace\learn_rayt\rayt\rayt.cpp(120,31): warning C4305: '引数': 'double' から 'float' へ切り詰めます。
C:\Users\kamee\Desktop\workspace\learn_rayt\rayt\rayt.cpp(153,26): warning C4244: '引数': 'int' から 'float' への変換です。データが失われる可能性があります。
C:\Program Files\Microsoft Visual Studio\2022\Community\VC\Tools\MSVC\14.39.33519\include\xutility(255,82): warning C4244: '引数': '_Ty' から 'float' への変換です。データが失われる可能性があります。
C:\Program Files\Microsoft Visual Studio\2022\Community\VC\Tools\MSVC\14.39.33519\include\xutility(255,82): warning C4244:         with
C:\Program Files\Microsoft Visual Studio\2022\Community\VC\Tools\MSVC\14.39.33519\include\xutility(255,82): warning C4244:         [
C:\Program Files\Microsoft Visual Studio\2022\Community\VC\Tools\MSVC\14.39.33519\include\xutility(255,82): warning C4244:             _Ty=int
C:\Program Files\Microsoft Visual Studio\2022\Community\VC\Tools\MSVC\14.39.33519\include\xutility(255,82): warning C4244:         ]
  (ソース ファイル 'rayt.cpp' をコンパイルしています)
  C:\Program Files\Microsoft Visual Studio\2022\Community\VC\Tools\MSVC\14.39.33519\include\xutility(255,82):
  テンプレートインスタンス化コンテキスト (最初に最も古いもの) は
  	C:\Users\kamee\Desktop\workspace\learn_rayt\rayt\rayt.cpp(111,29):
  	コンパイル対象の関数 テンプレート インスタンス化 'std::shared_ptr<rayt::Sphere> std::make_shared<rayt::Sphere,vec3,int>(vec3 &&,int &&)' のリファレンスを確認してください
  	C:\Program Files\Microsoft Visual Studio\2022\Community\VC\Tools\MSVC\14.39.33519\include\memory(2738,46):
  	コンパイル対象の関数 テンプレート インスタンス化 'std::_Ref_count_obj2<rayt::Sphere>::_Ref_count_obj2<_Ty,int>(_Ty &&,int &&)' のリファレンスを確認してください
          with
          [
              _Ty=vec3
          ]
  	C:\Program Files\Microsoft Visual Studio\2022\Community\VC\Tools\MSVC\14.39.33519\include\memory(2062,18):
  	コンパイル対象の関数 テンプレート インスタンス化 'void std::_Construct_in_place<_Ty,Vectormath::Aos::Vector3,int>(_Ty &,Vectormath::Aos::Vector3 &&,int &&) noexcept(false)' のリファレンスを確認してください
          with
          [
              _Ty=rayt::Sphere
          ]
  
  rayt.vcxproj -> C:\Users\kamee\Desktop\workspace\learn_rayt\rayt\x64\Debug\rayt.exe
